<?xml version="1.0" encoding="UTF-8" standalone="yes"?>
<ns2:test-suite start="1473261050049" stop="1473261138971" version="1.4.16" xmlns:ns2="urn:model.allure.qatools.yandex.ru">
    <name>Surefire suite : Surefire test</name>
    <title>Surefire suite : Surefire test</title>
    <test-cases>
        <test-case start="1473261060451" stop="1473261065162" status="passed">
            <name>catalogTest</name>
            <steps/>
            <attachments>
                <attachment title="(0)" source="efe4d385-1ef6-4f85-be06-91ab98e0c127-attachment" type="image/pmg"/>
            </attachments>
            <labels>
                <label name="host" value="WIN-52KHUB8PPPL"/>
                <label name="thread" value="460@WIN-52KHUB8PPPL.main(1)"/>
            </labels>
        </test-case>
        <test-case start="1473261065172" stop="1473261068862" status="passed">
            <name>contactUsPageFormFillingAndErrorMessageReceiving</name>
            <steps/>
            <attachments>
                <attachment title="(0)" source="06c3d6f5-1d88-4ecc-aebd-a2a323a506c0-attachment" type="image/pmg"/>
            </attachments>
            <labels>
                <label name="host" value="WIN-52KHUB8PPPL"/>
                <label name="thread" value="460@WIN-52KHUB8PPPL.main(1)"/>
            </labels>
        </test-case>
        <test-case start="1473261068867" stop="1473261071704" status="passed">
            <name>contactUsPageFormFillingAndSuccessfulMessageReceiving</name>
            <steps/>
            <attachments>
                <attachment title="(0)" source="cb07a42c-05c1-44c3-9620-6a1cc1e5ff68-attachment" type="image/pmg"/>
            </attachments>
            <labels>
                <label name="host" value="WIN-52KHUB8PPPL"/>
                <label name="thread" value="460@WIN-52KHUB8PPPL.main(1)"/>
            </labels>
        </test-case>
        <test-case start="1473261071706" stop="1473261079101" status="passed">
            <name>registration</name>
            <steps/>
            <attachments>
                <attachment title="(0)" source="061afd2b-ce9f-444b-86ca-e5429257c5de-attachment" type="image/pmg"/>
            </attachments>
            <labels>
                <label name="host" value="WIN-52KHUB8PPPL"/>
                <label name="thread" value="460@WIN-52KHUB8PPPL.main(1)"/>
            </labels>
        </test-case>
        <test-case start="1473261079104" stop="1473261097135" status="passed">
            <name>searchGoods</name>
            <steps/>
            <attachments>
                <attachment title="(0)" source="dcf29354-91ae-447a-a9dd-99851fc15408-attachment" type="image/pmg"/>
            </attachments>
            <labels>
                <label name="host" value="WIN-52KHUB8PPPL"/>
                <label name="thread" value="460@WIN-52KHUB8PPPL.main(1)"/>
            </labels>
        </test-case>
        <test-case start="1473261097138" stop="1473261101524" status="passed">
            <name>searchTest</name>
            <steps/>
            <attachments>
                <attachment title="(0)" source="16407532-c3fd-44cb-891a-5c8971957258-attachment" type="image/pmg"/>
            </attachments>
            <labels>
                <label name="host" value="WIN-52KHUB8PPPL"/>
                <label name="thread" value="460@WIN-52KHUB8PPPL.main(1)"/>
            </labels>
        </test-case>
        <test-case start="1473261101526" stop="1473261137431" status="broken">
            <name>buyGoods</name>
            <failure>
                <message>NoSuchElementException: no such element: Unable to locate element: {"method":"css selector","selector":"#email"}
  (Session info: chrome=52.0.2743.116)
  (Driver info: chromedriver=2.22.397933 (1cab651507b88dec79b2b2a22d1943c01833cc1b),platform=Windows NT 10.0.14393 x86_64) (WARNING: The server did not provide any stacktrace information)
Command duration or timeout: 20.05 seconds
For documentation on this error, please visit: http://seleniumhq.org/exceptions/no_such_element.html
Build info: version: 'unknown', revision: 'c7b525d', time: '2016-09-01 14:57:44 -0700'
System info: host: 'WIN-52KHUB8PPPL', ip: '192.168.56.1', os.name: 'Windows 10', os.arch: 'amd64', os.version: '10.0', java.version: '1.8.0_101'
Driver info: org.openqa.selenium.chrome.ChromeDriver
Capabilities [{applicationCacheEnabled=false, rotatable=false, mobileEmulationEnabled=false, chrome={chromedriverVersion=2.22.397933 (1cab651507b88dec79b2b2a22d1943c01833cc1b), userDataDir=C:\Users\User\AppData\Local\Temp\scoped_dir11228_30567}, takesHeapSnapshot=true, databaseEnabled=false, handlesAlerts=true, hasTouchScreen=false, version=52.0.2743.116, platform=XP, browserConnectionEnabled=false, nativeEvents=true, acceptSslCerts=true, locationContextEnabled=true, webStorageEnabled=true, browserName=chrome, takesScreenshot=true, javascriptEnabled=true, cssSelectorsEnabled=true}]
Session ID: d17c72e1126f0c88f20a943b9da37c86
*** Element info: {Using=css selector, value=#email}</message>
                <stack-trace>org.openqa.selenium.NoSuchElementException: no such element: Unable to locate element: {"method":"css selector","selector":"#email"}
  (Session info: chrome=52.0.2743.116)
  (Driver info: chromedriver=2.22.397933 (1cab651507b88dec79b2b2a22d1943c01833cc1b),platform=Windows NT 10.0.14393 x86_64) (WARNING: The server did not provide any stacktrace information)
Command duration or timeout: 20.05 seconds
For documentation on this error, please visit: http://seleniumhq.org/exceptions/no_such_element.html
Build info: version: 'unknown', revision: 'c7b525d', time: '2016-09-01 14:57:44 -0700'
System info: host: 'WIN-52KHUB8PPPL', ip: '192.168.56.1', os.name: 'Windows 10', os.arch: 'amd64', os.version: '10.0', java.version: '1.8.0_101'
Driver info: org.openqa.selenium.chrome.ChromeDriver
Capabilities [{applicationCacheEnabled=false, rotatable=false, mobileEmulationEnabled=false, chrome={chromedriverVersion=2.22.397933 (1cab651507b88dec79b2b2a22d1943c01833cc1b), userDataDir=C:\Users\User\AppData\Local\Temp\scoped_dir11228_30567}, takesHeapSnapshot=true, databaseEnabled=false, handlesAlerts=true, hasTouchScreen=false, version=52.0.2743.116, platform=XP, browserConnectionEnabled=false, nativeEvents=true, acceptSslCerts=true, locationContextEnabled=true, webStorageEnabled=true, browserName=chrome, takesScreenshot=true, javascriptEnabled=true, cssSelectorsEnabled=true}]
Session ID: d17c72e1126f0c88f20a943b9da37c86
*** Element info: {Using=css selector, value=#email}
	at sun.reflect.NativeConstructorAccessorImpl.newInstance0(Native Method)
	at sun.reflect.NativeConstructorAccessorImpl.newInstance(NativeConstructorAccessorImpl.java:62)
	at sun.reflect.DelegatingConstructorAccessorImpl.newInstance(DelegatingConstructorAccessorImpl.java:45)
	at java.lang.reflect.Constructor.newInstance(Constructor.java:423)
	at org.openqa.selenium.remote.ErrorHandler.createThrowable(ErrorHandler.java:206)
	at org.openqa.selenium.remote.ErrorHandler.throwIfResponseFailed(ErrorHandler.java:158)
	at org.openqa.selenium.remote.RemoteWebDriver.execute(RemoteWebDriver.java:631)
	at org.openqa.selenium.remote.RemoteWebDriver.findElement(RemoteWebDriver.java:369)
	at org.openqa.selenium.remote.RemoteWebDriver.findElementByCssSelector(RemoteWebDriver.java:466)
	at org.openqa.selenium.By$ByCssSelector.findElement(By.java:430)
	at org.openqa.selenium.remote.RemoteWebDriver.findElement(RemoteWebDriver.java:361)
	at pages.SignInPage.enterMailForAccount(SignInPage.java:25)
	at ShopingTest.buyGoods(ShopingTest.java:22)
	at sun.reflect.NativeMethodAccessorImpl.invoke0(Native Method)
	at sun.reflect.NativeMethodAccessorImpl.invoke(NativeMethodAccessorImpl.java:62)
	at sun.reflect.DelegatingMethodAccessorImpl.invoke(DelegatingMethodAccessorImpl.java:43)
	at java.lang.reflect.Method.invoke(Method.java:498)
	at org.testng.internal.MethodInvocationHelper.invokeMethod(MethodInvocationHelper.java:86)
	at org.testng.internal.Invoker.invokeMethod(Invoker.java:643)
	at org.testng.internal.Invoker.invokeTestMethod(Invoker.java:820)
	at org.testng.internal.Invoker.invokeTestMethods(Invoker.java:1128)
	at org.testng.internal.TestMethodWorker.invokeTestMethods(TestMethodWorker.java:129)
	at org.testng.internal.TestMethodWorker.run(TestMethodWorker.java:112)
	at org.testng.TestRunner.privateRun(TestRunner.java:782)
	at org.testng.TestRunner.run(TestRunner.java:632)
	at org.testng.SuiteRunner.runTest(SuiteRunner.java:366)
	at org.testng.SuiteRunner.runSequentially(SuiteRunner.java:361)
	at org.testng.SuiteRunner.privateRun(SuiteRunner.java:319)
	at org.testng.SuiteRunner.run(SuiteRunner.java:268)
	at org.testng.SuiteRunnerWorker.runSuite(SuiteRunnerWorker.java:52)
	at org.testng.SuiteRunnerWorker.run(SuiteRunnerWorker.java:86)
	at org.testng.TestNG.runSuitesSequentially(TestNG.java:1244)
	at org.testng.TestNG.runSuitesLocally(TestNG.java:1169)
	at org.testng.TestNG.run(TestNG.java:1064)
	at org.apache.maven.surefire.testng.TestNGExecutor.run(TestNGExecutor.java:132)
	at org.apache.maven.surefire.testng.TestNGDirectoryTestSuite.executeMulti(TestNGDirectoryTestSuite.java:193)
	at org.apache.maven.surefire.testng.TestNGDirectoryTestSuite.execute(TestNGDirectoryTestSuite.java:94)
	at org.apache.maven.surefire.testng.TestNGProvider.invoke(TestNGProvider.java:147)
	at org.apache.maven.surefire.booter.ForkedBooter.invokeProviderInSameClassLoader(ForkedBooter.java:290)
	at org.apache.maven.surefire.booter.ForkedBooter.runSuitesInProcess(ForkedBooter.java:242)
	at org.apache.maven.surefire.booter.ForkedBooter.main(ForkedBooter.java:121)
</stack-trace>
            </failure>
            <steps/>
            <attachments>
                <attachment title="(0)" source="c5779044-0ca7-4332-8b13-265083a2da68-attachment" type="image/pmg"/>
            </attachments>
            <labels>
                <label name="host" value="WIN-52KHUB8PPPL"/>
                <label name="thread" value="460@WIN-52KHUB8PPPL.main(1)"/>
            </labels>
        </test-case>
    </test-cases>
    <labels>
        <label name="framework" value="TestNG"/>
        <label name="language" value="JAVA"/>
    </labels>
</ns2:test-suite>
